Connecting to database specified by database.yml
Connecting to database specified by database.yml
  [1m[36m (0.1ms)[0m  [1mselect sqlite_version(*)[0m
  [1m[35m (17.7ms)[0m  CREATE TABLE "schema_migrations" ("version" varchar(255) NOT NULL) 
  [1m[36m (7.0ms)[0m  [1mCREATE UNIQUE INDEX "unique_schema_migrations" ON "schema_migrations" ("version")[0m
  [1m[35m (1.2ms)[0m  SELECT "schema_migrations"."version" FROM "schema_migrations" 
Migrating to CreateProducts (20130310144931)
  [1m[36m (0.0ms)[0m  [1mbegin transaction[0m
  [1m[35m (0.1ms)[0m  CREATE TABLE "products" ("id" INTEGER PRIMARY KEY AUTOINCREMENT NOT NULL, "title" varchar(255), "description" text, "image_url" varchar(255), "price" decimal, "created_at" datetime NOT NULL, "updated_at" datetime NOT NULL) 
  [1m[36m (0.1ms)[0m  [1mINSERT INTO "schema_migrations" ("version") VALUES ('20130310144931')[0m
  [1m[35m (7.4ms)[0m  commit transaction
  [1m[36m (0.1ms)[0m  [1mSELECT "schema_migrations"."version" FROM "schema_migrations" [0m
Connecting to database specified by database.yml
  [1m[36m (3.6ms)[0m  [1mSELECT "schema_migrations"."version" FROM "schema_migrations" [0m
Migrating to CreateProducts (20130310144931)
  [1m[35m (0.1ms)[0m  select sqlite_version(*)
  [1m[36m (0.1ms)[0m  [1mSELECT "schema_migrations"."version" FROM "schema_migrations" [0m


Started GET "/products" for 127.0.0.1 at 2013-03-10 15:51:07 +0100
Connecting to database specified by database.yml
Processing by ProductsController#index as HTML
  [1m[36mProduct Load (0.1ms)[0m  [1mSELECT "products".* FROM "products" [0m
  Rendered products/index.html.erb within layouts/application (5.0ms)
Compiled products.css  (10ms)  (pid 2538)
Compiled scaffolds.css  (72ms)  (pid 2538)
Compiled application.css  (114ms)  (pid 2538)
Compiled jquery.js  (2ms)  (pid 2538)
Compiled jquery_ujs.js  (1ms)  (pid 2538)
Compiled products.js  (393ms)  (pid 2538)
Compiled application.js  (493ms)  (pid 2538)
Completed 200 OK in 959ms (Views: 855.3ms | ActiveRecord: 1.8ms)


Started GET "/assets/application.css?body=1" for 127.0.0.1 at 2013-03-10 15:51:09 +0100
Served asset /application.css - 200 OK (36ms)


Started GET "/assets/products.js?body=1" for 127.0.0.1 at 2013-03-10 15:51:09 +0100
Served asset /products.js - 200 OK (1ms)


Started GET "/assets/jquery_ujs.js?body=1" for 127.0.0.1 at 2013-03-10 15:51:09 +0100
Served asset /jquery_ujs.js - 200 OK (1ms)


Started GET "/assets/jquery.js?body=1" for 127.0.0.1 at 2013-03-10 15:51:09 +0100
Served asset /jquery.js - 200 OK (8ms)


Started GET "/assets/scaffolds.css?body=1" for 127.0.0.1 at 2013-03-10 15:51:09 +0100
Served asset /scaffolds.css - 200 OK (1ms)


Started GET "/assets/products.css?body=1" for 127.0.0.1 at 2013-03-10 15:51:09 +0100
Served asset /products.css - 200 OK (1ms)


Started GET "/assets/application.js?body=1" for 127.0.0.1 at 2013-03-10 15:51:09 +0100
Served asset /application.js - 200 OK (71ms)


Started GET "/products/new" for 127.0.0.1 at 2013-03-10 15:51:14 +0100
Processing by ProductsController#new as HTML
  Rendered products/_form.html.erb (32.9ms)
  Rendered products/new.html.erb within layouts/application (45.0ms)
Completed 200 OK in 71ms (Views: 62.5ms | ActiveRecord: 0.0ms)


Started GET "/assets/application.css?body=1" for 127.0.0.1 at 2013-03-10 15:51:14 +0100
Served asset /application.css - 304 Not Modified (0ms)


Started GET "/assets/products.css?body=1" for 127.0.0.1 at 2013-03-10 15:51:14 +0100
Served asset /products.css - 304 Not Modified (0ms)


Started GET "/assets/scaffolds.css?body=1" for 127.0.0.1 at 2013-03-10 15:51:14 +0100
Served asset /scaffolds.css - 304 Not Modified (0ms)


Started GET "/assets/jquery.js?body=1" for 127.0.0.1 at 2013-03-10 15:51:14 +0100
Served asset /jquery.js - 304 Not Modified (0ms)


Started GET "/assets/jquery_ujs.js?body=1" for 127.0.0.1 at 2013-03-10 15:51:14 +0100
Served asset /jquery_ujs.js - 304 Not Modified (0ms)


Started GET "/assets/products.js?body=1" for 127.0.0.1 at 2013-03-10 15:51:14 +0100
Served asset /products.js - 304 Not Modified (0ms)


Started GET "/assets/application.js?body=1" for 127.0.0.1 at 2013-03-10 15:51:14 +0100
Served asset /application.js - 304 Not Modified (8ms)


Started GET "/products/new" for 127.0.0.1 at 2013-03-10 15:51:27 +0100
Processing by ProductsController#new as HTML
  Rendered products/_form.html.erb (3.0ms)
  Rendered products/new.html.erb within layouts/application (3.8ms)
Completed 200 OK in 13ms (Views: 11.9ms | ActiveRecord: 0.0ms)


Started GET "/assets/application.css?body=1" for 127.0.0.1 at 2013-03-10 15:51:27 +0100
Served asset /application.css - 304 Not Modified (0ms)


Started GET "/assets/scaffolds.css?body=1" for 127.0.0.1 at 2013-03-10 15:51:27 +0100
Served asset /scaffolds.css - 304 Not Modified (0ms)


Started GET "/assets/products.css?body=1" for 127.0.0.1 at 2013-03-10 15:51:27 +0100
Served asset /products.css - 304 Not Modified (5ms)


Started GET "/assets/application.js?body=1" for 127.0.0.1 at 2013-03-10 15:51:27 +0100
Served asset /application.js - 304 Not Modified (17ms)


Started GET "/assets/products.js?body=1" for 127.0.0.1 at 2013-03-10 15:51:27 +0100
Served asset /products.js - 304 Not Modified (0ms)


Started GET "/assets/jquery_ujs.js?body=1" for 127.0.0.1 at 2013-03-10 15:51:27 +0100
Served asset /jquery_ujs.js - 304 Not Modified (0ms)


Started GET "/assets/jquery.js?body=1" for 127.0.0.1 at 2013-03-10 15:51:27 +0100
Served asset /jquery.js - 304 Not Modified (5ms)


Started GET "/products/new" for 127.0.0.1 at 2013-03-10 15:53:16 +0100
Processing by ProductsController#new as HTML
  Rendered products/_form.html.erb (81.8ms)
  Rendered products/new.html.erb within layouts/application (82.5ms)
Completed 500 Internal Server Error in 86ms

ActionView::Template::Error (undefined local variable or method ` 6' for #<#<Class:0xb610b308>:0xb5f5b29c>):
    17:   </div>
    18:   <div class="field">
    19:     <%= f.label :description %><br />
    20:     <%= f.text_area :description, rows: 6 %>
    21:   </div>
    22:   <div class="field">
    23:     <%= f.label :image_url %><br />
  app/views/products/_form.html.erb:20:in `block in _app_views_products__form_html_erb___145789330__621099248'
  app/views/products/_form.html.erb:1:in `_app_views_products__form_html_erb___145789330__621099248'
  app/views/products/new.html.erb:3:in `_app_views_products_new_html_erb___266984847__618620838'
  app/controllers/products_controller.rb:29:in `new'


  Rendered /home/jerome/.rvm/gems/ruby-1.9.3-p385/gems/actionpack-3.2.12/lib/action_dispatch/middleware/templates/rescues/_trace.erb (1.6ms)
  Rendered /home/jerome/.rvm/gems/ruby-1.9.3-p385/gems/actionpack-3.2.12/lib/action_dispatch/middleware/templates/rescues/_request_and_response.erb (1.7ms)
  Rendered /home/jerome/.rvm/gems/ruby-1.9.3-p385/gems/actionpack-3.2.12/lib/action_dispatch/middleware/templates/rescues/template_error.erb within rescues/layout (25.7ms)


Started GET "/products/new" for 127.0.0.1 at 2013-03-10 15:54:06 +0100
Processing by ProductsController#new as HTML
  Rendered products/_form.html.erb (12.7ms)
  Rendered products/new.html.erb within layouts/application (13.3ms)
Completed 500 Internal Server Error in 17ms

ActionView::Template::Error (undefined local variable or method ` 6' for #<#<Class:0xb610b308>:0xb691e0a4>):
    17:   </div>
    18:   <div class="field">
    19:     <%= f.label :description %><br />
    20:     <%= f.text_area :description, rows: 6 %>
    21:   </div>
    22:   <div class="field">
    23:     <%= f.label :image_url %><br />
  app/views/products/_form.html.erb:20:in `block in _app_views_products__form_html_erb___145789330__617116828'
  app/views/products/_form.html.erb:1:in `_app_views_products__form_html_erb___145789330__617116828'
  app/views/products/new.html.erb:3:in `_app_views_products_new_html_erb___266984847__618620838'
  app/controllers/products_controller.rb:29:in `new'


  Rendered /home/jerome/.rvm/gems/ruby-1.9.3-p385/gems/actionpack-3.2.12/lib/action_dispatch/middleware/templates/rescues/_trace.erb (1.4ms)
  Rendered /home/jerome/.rvm/gems/ruby-1.9.3-p385/gems/actionpack-3.2.12/lib/action_dispatch/middleware/templates/rescues/_request_and_response.erb (1.0ms)
  Rendered /home/jerome/.rvm/gems/ruby-1.9.3-p385/gems/actionpack-3.2.12/lib/action_dispatch/middleware/templates/rescues/template_error.erb within rescues/layout (16.7ms)


Started GET "/products/new" for 127.0.0.1 at 2013-03-10 15:54:09 +0100
Processing by ProductsController#new as HTML
  Rendered products/_form.html.erb (14.1ms)
  Rendered products/new.html.erb within layouts/application (14.6ms)
Completed 500 Internal Server Error in 18ms

ActionView::Template::Error (undefined local variable or method ` 6' for #<#<Class:0xb610b308>:0xb66f7ce4>):
    17:   </div>
    18:   <div class="field">
    19:     <%= f.label :description %><br />
    20:     <%= f.text_area :description, rows: 6 %>
    21:   </div>
    22:   <div class="field">
    23:     <%= f.label :image_url %><br />
  app/views/products/_form.html.erb:20:in `block in _app_views_products__form_html_erb___145789330__617116828'
  app/views/products/_form.html.erb:1:in `_app_views_products__form_html_erb___145789330__617116828'
  app/views/products/new.html.erb:3:in `_app_views_products_new_html_erb___266984847__618620838'
  app/controllers/products_controller.rb:29:in `new'


  Rendered /home/jerome/.rvm/gems/ruby-1.9.3-p385/gems/actionpack-3.2.12/lib/action_dispatch/middleware/templates/rescues/_trace.erb (1.5ms)
  Rendered /home/jerome/.rvm/gems/ruby-1.9.3-p385/gems/actionpack-3.2.12/lib/action_dispatch/middleware/templates/rescues/_request_and_response.erb (1.0ms)
  Rendered /home/jerome/.rvm/gems/ruby-1.9.3-p385/gems/actionpack-3.2.12/lib/action_dispatch/middleware/templates/rescues/template_error.erb within rescues/layout (20.6ms)


Started GET "/products/" for 127.0.0.1 at 2013-03-10 15:54:12 +0100
Processing by ProductsController#index as HTML
  [1m[35mProduct Load (2.5ms)[0m  SELECT "products".* FROM "products" 
  Rendered products/index.html.erb within layouts/application (0.4ms)
Completed 200 OK in 15ms (Views: 11.4ms | ActiveRecord: 2.5ms)


Started GET "/assets/application.css?body=1" for 127.0.0.1 at 2013-03-10 15:54:12 +0100
Served asset /application.css - 304 Not Modified (1ms)


Started GET "/assets/products.css?body=1" for 127.0.0.1 at 2013-03-10 15:54:12 +0100
Served asset /products.css - 304 Not Modified (0ms)


Started GET "/assets/jquery.js?body=1" for 127.0.0.1 at 2013-03-10 15:54:12 +0100
Served asset /jquery.js - 304 Not Modified (0ms)


Started GET "/assets/jquery_ujs.js?body=1" for 127.0.0.1 at 2013-03-10 15:54:12 +0100
Served asset /jquery_ujs.js - 304 Not Modified (0ms)


Started GET "/assets/scaffolds.css?body=1" for 127.0.0.1 at 2013-03-10 15:54:13 +0100
Served asset /scaffolds.css - 304 Not Modified (2ms)


Started GET "/assets/application.js?body=1" for 127.0.0.1 at 2013-03-10 15:54:13 +0100
Served asset /application.js - 304 Not Modified (1ms)


Started GET "/assets/products.js?body=1" for 127.0.0.1 at 2013-03-10 15:54:13 +0100
Served asset /products.js - 304 Not Modified (0ms)


Started GET "/products/new" for 127.0.0.1 at 2013-03-10 15:54:14 +0100
Processing by ProductsController#new as HTML
  Rendered products/_form.html.erb (8.5ms)
  Rendered products/new.html.erb within layouts/application (9.0ms)
Completed 500 Internal Server Error in 11ms

ActionView::Template::Error (undefined local variable or method ` 6' for #<#<Class:0xb610b308>:0xb65d6630>):
    17:   </div>
    18:   <div class="field">
    19:     <%= f.label :description %><br />
    20:     <%= f.text_area :description, rows: 6 %>
    21:   </div>
    22:   <div class="field">
    23:     <%= f.label :image_url %><br />
  app/views/products/_form.html.erb:20:in `block in _app_views_products__form_html_erb___145789330__617116828'
  app/views/products/_form.html.erb:1:in `_app_views_products__form_html_erb___145789330__617116828'
  app/views/products/new.html.erb:3:in `_app_views_products_new_html_erb___266984847__618620838'
  app/controllers/products_controller.rb:29:in `new'


  Rendered /home/jerome/.rvm/gems/ruby-1.9.3-p385/gems/actionpack-3.2.12/lib/action_dispatch/middleware/templates/rescues/_trace.erb (17.4ms)
  Rendered /home/jerome/.rvm/gems/ruby-1.9.3-p385/gems/actionpack-3.2.12/lib/action_dispatch/middleware/templates/rescues/_request_and_response.erb (1.3ms)
  Rendered /home/jerome/.rvm/gems/ruby-1.9.3-p385/gems/actionpack-3.2.12/lib/action_dispatch/middleware/templates/rescues/template_error.erb within rescues/layout (31.2ms)


Started GET "/products/new" for 127.0.0.1 at 2013-03-10 15:54:51 +0100
Processing by ProductsController#new as HTML
  Rendered products/_form.html.erb (14.7ms)
  Rendered products/new.html.erb within layouts/application (15.5ms)
Completed 200 OK in 20ms (Views: 19.8ms | ActiveRecord: 0.0ms)


Started GET "/assets/application.css?body=1" for 127.0.0.1 at 2013-03-10 15:54:51 +0100
Served asset /application.css - 304 Not Modified (0ms)


Started GET "/assets/products.css?body=1" for 127.0.0.1 at 2013-03-10 15:54:51 +0100
Served asset /products.css - 304 Not Modified (0ms)


Started GET "/assets/scaffolds.css?body=1" for 127.0.0.1 at 2013-03-10 15:54:51 +0100
Served asset /scaffolds.css - 304 Not Modified (0ms)


Started GET "/assets/jquery.js?body=1" for 127.0.0.1 at 2013-03-10 15:54:51 +0100
Served asset /jquery.js - 304 Not Modified (0ms)


Started GET "/assets/products.js?body=1" for 127.0.0.1 at 2013-03-10 15:54:51 +0100
Served asset /products.js - 304 Not Modified (0ms)


Started GET "/assets/jquery_ujs.js?body=1" for 127.0.0.1 at 2013-03-10 15:54:51 +0100
Served asset /jquery_ujs.js - 304 Not Modified (0ms)


Started GET "/assets/application.js?body=1" for 127.0.0.1 at 2013-03-10 15:54:51 +0100
Served asset /application.js - 304 Not Modified (2ms)


Started POST "/products" for 127.0.0.1 at 2013-03-10 15:55:24 +0100
Processing by ProductsController#create as HTML
  Parameters: {"utf8"=>"✓", "authenticity_token"=>"GS6GEBSRDEIsF3oZnW0g9LMk7XdiUpLIKmvUNTTta8c=", "product"=>{"title"=>"Test", "description"=>"This is a test", "image_url"=>"www.google.com", "price"=>"200"}, "commit"=>"Create Product"}
  [1m[36m (0.2ms)[0m  [1mbegin transaction[0m
  [1m[35mSQL (31.1ms)[0m  INSERT INTO "products" ("created_at", "description", "image_url", "price", "title", "updated_at") VALUES (?, ?, ?, ?, ?, ?)  [["created_at", Sun, 10 Mar 2013 14:55:24 UTC +00:00], ["description", "This is a test"], ["image_url", "www.google.com"], ["price", #<BigDecimal:b61e2b14,'0.2E3',9(18)>], ["title", "Test"], ["updated_at", Sun, 10 Mar 2013 14:55:24 UTC +00:00]]
  [1m[36m (10.1ms)[0m  [1mcommit transaction[0m
Redirected to http://localhost:3000/products/1
Completed 302 Found in 46ms (ActiveRecord: 41.4ms)


Started GET "/products/1" for 127.0.0.1 at 2013-03-10 15:55:24 +0100
Processing by ProductsController#show as HTML
  Parameters: {"id"=>"1"}
  [1m[35mProduct Load (0.4ms)[0m  SELECT "products".* FROM "products" WHERE "products"."id" = ? LIMIT 1  [["id", "1"]]
  Rendered products/show.html.erb within layouts/application (1.7ms)
Completed 200 OK in 24ms (Views: 18.8ms | ActiveRecord: 0.4ms)


Started GET "/assets/application.css?body=1" for 127.0.0.1 at 2013-03-10 15:55:24 +0100
Served asset /application.css - 304 Not Modified (0ms)


Started GET "/assets/products.js?body=1" for 127.0.0.1 at 2013-03-10 15:55:24 +0100
Served asset /products.js - 304 Not Modified (0ms)


Started GET "/assets/jquery_ujs.js?body=1" for 127.0.0.1 at 2013-03-10 15:55:24 +0100
Served asset /jquery_ujs.js - 304 Not Modified (0ms)


Started GET "/assets/jquery.js?body=1" for 127.0.0.1 at 2013-03-10 15:55:24 +0100
Served asset /jquery.js - 304 Not Modified (0ms)


Started GET "/assets/scaffolds.css?body=1" for 127.0.0.1 at 2013-03-10 15:55:24 +0100
Served asset /scaffolds.css - 304 Not Modified (4ms)


Started GET "/assets/products.css?body=1" for 127.0.0.1 at 2013-03-10 15:55:24 +0100
Served asset /products.css - 304 Not Modified (0ms)


Started GET "/assets/application.js?body=1" for 127.0.0.1 at 2013-03-10 15:55:24 +0100
Served asset /application.js - 304 Not Modified (1ms)


Started GET "/products" for 127.0.0.1 at 2013-03-10 15:55:30 +0100
Processing by ProductsController#index as HTML
  [1m[36mProduct Load (0.1ms)[0m  [1mSELECT "products".* FROM "products" [0m
  Rendered products/index.html.erb within layouts/application (1.2ms)
Completed 200 OK in 7ms (Views: 5.7ms | ActiveRecord: 0.1ms)


Started GET "/assets/application.css?body=1" for 127.0.0.1 at 2013-03-10 15:55:30 +0100
Served asset /application.css - 304 Not Modified (0ms)


Started GET "/assets/jquery.js?body=1" for 127.0.0.1 at 2013-03-10 15:55:30 +0100
Served asset /jquery.js - 304 Not Modified (35ms)


Started GET "/assets/application.js?body=1" for 127.0.0.1 at 2013-03-10 15:55:30 +0100
Served asset /application.js - 304 Not Modified (1ms)


Started GET "/assets/products.js?body=1" for 127.0.0.1 at 2013-03-10 15:55:30 +0100
Served asset /products.js - 304 Not Modified (0ms)


Started GET "/assets/products.css?body=1" for 127.0.0.1 at 2013-03-10 15:55:30 +0100
Served asset /products.css - 304 Not Modified (0ms)


Started GET "/assets/scaffolds.css?body=1" for 127.0.0.1 at 2013-03-10 15:55:31 +0100
Served asset /scaffolds.css - 304 Not Modified (0ms)


Started GET "/assets/jquery_ujs.js?body=1" for 127.0.0.1 at 2013-03-10 15:55:31 +0100
Served asset /jquery_ujs.js - 304 Not Modified (0ms)
Connecting to database specified by database.yml
  [1m[36m (2.9ms)[0m  [1mSELECT "schema_migrations"."version" FROM "schema_migrations" [0m
  [1m[35m (0.2ms)[0m  select sqlite_version(*)
  [1m[36m (13.7ms)[0m  [1mCREATE TABLE "products" ("id" INTEGER PRIMARY KEY AUTOINCREMENT NOT NULL, "title" varchar(255), "description" text, "image_url" varchar(255), "price" decimal, "created_at" datetime NOT NULL, "updated_at" datetime NOT NULL) [0m
  [1m[35m (7.2ms)[0m  CREATE TABLE "schema_migrations" ("version" varchar(255) NOT NULL) 
  [1m[36m (7.7ms)[0m  [1mCREATE UNIQUE INDEX "unique_schema_migrations" ON "schema_migrations" ("version")[0m
  [1m[35m (0.1ms)[0m  SELECT version FROM "schema_migrations"
  [1m[36m (6.9ms)[0m  [1mINSERT INTO "schema_migrations" (version) VALUES ('20130310144931')[0m
Connecting to database specified by database.yml
  [1m[36m (14.6ms)[0m  [1mSELECT "schema_migrations"."version" FROM "schema_migrations" [0m
  [1m[35mSQL (29.9ms)[0m  DELETE FROM "products"
  [1m[36m (0.2ms)[0m  [1mbegin transaction[0m
  [1m[35mSQL (11.3ms)[0m  INSERT INTO "products" ("created_at", "description", "image_url", "price", "title", "updated_at") VALUES (?, ?, ?, ?, ?, ?)  [["created_at", Sun, 10 Mar 2013 15:08:14 UTC +00:00], ["description", "<p>\n        CoffeeScript is JavaScript done right. It provides all of JavaScript's\n\tfunctionality wrapped in a cleaner, more succinct syntax. In the first\n\tbook on this exciting new language, CoffeeScript guru Trevor Burnham\n\tshows you how to hold onto all the power and flexibility of JavaScript\n\twhile writing clearer, cleaner, and safer code.\n      </p>"], ["image_url", "cs.jpg"], ["price", #<BigDecimal:9392d40,'0.36E2',9(45)>], ["title", "CoffeeScript"], ["updated_at", Sun, 10 Mar 2013 15:08:14 UTC +00:00]]
  [1m[36m (7.4ms)[0m  [1mcommit transaction[0m
  [1m[35m (0.1ms)[0m  begin transaction
  [1m[36mSQL (1.2ms)[0m  [1mINSERT INTO "products" ("created_at", "description", "image_url", "price", "title", "updated_at") VALUES (?, ?, ?, ?, ?, ?)[0m  [["created_at", Sun, 10 Mar 2013 15:08:14 UTC +00:00], ["description", "<p>\n        Ruby is the fastest growing and most exciting dynamic language\n        out there. If you need to get working programs delivered fast,\n        you should add Ruby to your toolbox.\n      </p>"], ["image_url", "ruby.jpg"], ["price", #<BigDecimal:95b7a1c,'0.4995E2',18(45)>], ["title", "Programming Ruby 1.9"], ["updated_at", Sun, 10 Mar 2013 15:08:14 UTC +00:00]]
  [1m[35m (6.7ms)[0m  commit transaction
  [1m[36m (0.0ms)[0m  [1mbegin transaction[0m
  [1m[35mSQL (0.4ms)[0m  INSERT INTO "products" ("created_at", "description", "image_url", "price", "title", "updated_at") VALUES (?, ?, ?, ?, ?, ?)  [["created_at", Sun, 10 Mar 2013 15:08:14 UTC +00:00], ["description", "<p>\n        <em>Rails Test Prescriptions</em> is a comprehensive guide to testing\n        Rails applications, covering Test-Driven Development from both a\n        theoretical perspective (why to test) and from a practical perspective\n        (how to test effectively). It covers the core Rails testing tools and\n        procedures for Rails 2 and Rails 3, and introduces popular add-ons,\n        including Cucumber, Shoulda, Machinist, Mocha, and Rcov.\n      </p>"], ["image_url", "rtp.jpg"], ["price", #<BigDecimal:8838a1c,'0.3495E2',18(45)>], ["title", "Rails Test Prescriptions"], ["updated_at", Sun, 10 Mar 2013 15:08:14 UTC +00:00]]
  [1m[36m (7.7ms)[0m  [1mcommit transaction[0m


Started GET "/products" for 127.0.0.1 at 2013-03-10 16:24:59 +0100
Connecting to database specified by database.yml
Processing by ProductsController#index as HTML
  [1m[36mProduct Load (0.1ms)[0m  [1mSELECT "products".* FROM "products" [0m
ERROR: compiling _app_views_products_index_html_erb___447968279_90079250 RAISED /home/jerome/work/depot/app/views/products/index.html.erb:7: syntax error, unexpected tIDENTIFIER, expecting ')'
...age_url, class: 'list_image') );@output_buffer.safe_concat('
...                               ^
Function body:           def _app_views_products_index_html_erb___447968279_90079250(local_assigns, output_buffer)
            _old_virtual_path, @virtual_path = @virtual_path, "products/index";_old_output_buffer = @output_buffer;;@output_buffer = output_buffer || ActionView::OutputBuffer.new;@output_buffer.safe_concat('<h1>Listing products</h1>

<table>
'); @products.each do |product| 
@output_buffer.safe_concat('  <tr class="');@output_buffer.append= ( cycle('list_line_odd', 'list_line_even') );@output_buffer.safe_concat('">
    <td>
	');@output_buffer.append= ( image_tag(product.image_url, class: 'list_image') );@output_buffer.safe_concat('
');@output_buffer.safe_concat('	</td>

	<td class="list_description">
<dl>
<dt>');@output_buffer.append= ( product.title );@output_buffer.safe_concat('</dt>
<dd>');@output_buffer.append= ( truncate(strip_tags(product.description), length: 80) );@output_buffer.safe_concat('</dd>
</dl>
</td>
<td class="list_actions">
    <td>');@output_buffer.append= ( link_to 'Show', product );@output_buffer.safe_concat('</td>
    <td>');@output_buffer.append= ( link_to 'Edit', edit_product_path(product) );@output_buffer.safe_concat('</td>
    <td>');@output_buffer.append= ( link_to 'Destroy', product, method: :delete, data: { confirm: 'Are you sure?' } );@output_buffer.safe_concat('</td>
  </tr>
'); end 
@output_buffer.safe_concat('</table>

<br />

');@output_buffer.append= ( link_to 'New Product', new_product_path );@output_buffer.safe_concat('
');@output_buffer.to_s
          ensure
            @virtual_path, @output_buffer = _old_virtual_path, _old_output_buffer
          end

Backtrace: /home/jerome/.rvm/gems/ruby-1.9.3-p385/gems/actionpack-3.2.12/lib/action_view/template.rb:297:in `module_eval'
/home/jerome/.rvm/gems/ruby-1.9.3-p385/gems/actionpack-3.2.12/lib/action_view/template.rb:297:in `compile'
/home/jerome/.rvm/gems/ruby-1.9.3-p385/gems/actionpack-3.2.12/lib/action_view/template.rb:244:in `block in compile!'
<internal:prelude>:10:in `synchronize'
/home/jerome/.rvm/gems/ruby-1.9.3-p385/gems/actionpack-3.2.12/lib/action_view/template.rb:232:in `compile!'
/home/jerome/.rvm/gems/ruby-1.9.3-p385/gems/actionpack-3.2.12/lib/action_view/template.rb:144:in `block in render'
/home/jerome/.rvm/gems/ruby-1.9.3-p385/gems/activesupport-3.2.12/lib/active_support/notifications.rb:125:in `instrument'
/home/jerome/.rvm/gems/ruby-1.9.3-p385/gems/actionpack-3.2.12/lib/action_view/template.rb:143:in `render'
/home/jerome/.rvm/gems/ruby-1.9.3-p385/gems/actionpack-3.2.12/lib/action_view/renderer/template_renderer.rb:47:in `block (2 levels) in render_template'
/home/jerome/.rvm/gems/ruby-1.9.3-p385/gems/actionpack-3.2.12/lib/action_view/renderer/abstract_renderer.rb:38:in `block in instrument'
/home/jerome/.rvm/gems/ruby-1.9.3-p385/gems/activesupport-3.2.12/lib/active_support/notifications.rb:123:in `block in instrument'
/home/jerome/.rvm/gems/ruby-1.9.3-p385/gems/activesupport-3.2.12/lib/active_support/notifications/instrumenter.rb:20:in `instrument'
/home/jerome/.rvm/gems/ruby-1.9.3-p385/gems/activesupport-3.2.12/lib/active_support/notifications.rb:123:in `instrument'
/home/jerome/.rvm/gems/ruby-1.9.3-p385/gems/actionpack-3.2.12/lib/action_view/renderer/abstract_renderer.rb:38:in `instrument'
/home/jerome/.rvm/gems/ruby-1.9.3-p385/gems/actionpack-3.2.12/lib/action_view/renderer/template_renderer.rb:46:in `block in render_template'
/home/jerome/.rvm/gems/ruby-1.9.3-p385/gems/actionpack-3.2.12/lib/action_view/renderer/template_renderer.rb:54:in `render_with_layout'
/home/jerome/.rvm/gems/ruby-1.9.3-p385/gems/actionpack-3.2.12/lib/action_view/renderer/template_renderer.rb:45:in `render_template'
/home/jerome/.rvm/gems/ruby-1.9.3-p385/gems/actionpack-3.2.12/lib/action_view/renderer/template_renderer.rb:18:in `render'
/home/jerome/.rvm/gems/ruby-1.9.3-p385/gems/actionpack-3.2.12/lib/action_view/renderer/renderer.rb:36:in `render_template'
/home/jerome/.rvm/gems/ruby-1.9.3-p385/gems/actionpack-3.2.12/lib/action_view/renderer/renderer.rb:17:in `render'
/home/jerome/.rvm/gems/ruby-1.9.3-p385/gems/actionpack-3.2.12/lib/abstract_controller/rendering.rb:110:in `_render_template'
/home/jerome/.rvm/gems/ruby-1.9.3-p385/gems/actionpack-3.2.12/lib/action_controller/metal/streaming.rb:225:in `_render_template'
/home/jerome/.rvm/gems/ruby-1.9.3-p385/gems/actionpack-3.2.12/lib/abstract_controller/rendering.rb:103:in `render_to_body'
/home/jerome/.rvm/gems/ruby-1.9.3-p385/gems/actionpack-3.2.12/lib/action_controller/metal/renderers.rb:28:in `render_to_body'
/home/jerome/.rvm/gems/ruby-1.9.3-p385/gems/actionpack-3.2.12/lib/action_controller/metal/compatibility.rb:50:in `render_to_body'
/home/jerome/.rvm/gems/ruby-1.9.3-p385/gems/actionpack-3.2.12/lib/abstract_controller/rendering.rb:88:in `render'
/home/jerome/.rvm/gems/ruby-1.9.3-p385/gems/actionpack-3.2.12/lib/action_controller/metal/rendering.rb:16:in `render'
/home/jerome/.rvm/gems/ruby-1.9.3-p385/gems/actionpack-3.2.12/lib/action_controller/metal/instrumentation.rb:40:in `block (2 levels) in render'
/home/jerome/.rvm/gems/ruby-1.9.3-p385/gems/activesupport-3.2.12/lib/active_support/core_ext/benchmark.rb:5:in `block in ms'
/home/jerome/.rvm/rubies/ruby-1.9.3-p385/lib/ruby/1.9.1/benchmark.rb:295:in `realtime'
/home/jerome/.rvm/gems/ruby-1.9.3-p385/gems/activesupport-3.2.12/lib/active_support/core_ext/benchmark.rb:5:in `ms'
/home/jerome/.rvm/gems/ruby-1.9.3-p385/gems/actionpack-3.2.12/lib/action_controller/metal/instrumentation.rb:40:in `block in render'
/home/jerome/.rvm/gems/ruby-1.9.3-p385/gems/actionpack-3.2.12/lib/action_controller/metal/instrumentation.rb:83:in `cleanup_view_runtime'
/home/jerome/.rvm/gems/ruby-1.9.3-p385/gems/activerecord-3.2.12/lib/active_record/railties/controller_runtime.rb:24:in `cleanup_view_runtime'
/home/jerome/.rvm/gems/ruby-1.9.3-p385/gems/actionpack-3.2.12/lib/action_controller/metal/instrumentation.rb:39:in `render'
/home/jerome/.rvm/gems/ruby-1.9.3-p385/gems/actionpack-3.2.12/lib/action_controller/metal/implicit_render.rb:10:in `default_render'
/home/jerome/.rvm/gems/ruby-1.9.3-p385/gems/actionpack-3.2.12/lib/action_controller/metal/mime_responds.rb:196:in `respond_to'
/home/jerome/work/depot/app/controllers/products_controller.rb:7:in `index'
/home/jerome/.rvm/gems/ruby-1.9.3-p385/gems/actionpack-3.2.12/lib/action_controller/metal/implicit_render.rb:4:in `send_action'
/home/jerome/.rvm/gems/ruby-1.9.3-p385/gems/actionpack-3.2.12/lib/abstract_controller/base.rb:167:in `process_action'
/home/jerome/.rvm/gems/ruby-1.9.3-p385/gems/actionpack-3.2.12/lib/action_controller/metal/rendering.rb:10:in `process_action'
/home/jerome/.rvm/gems/ruby-1.9.3-p385/gems/actionpack-3.2.12/lib/abstract_controller/callbacks.rb:18:in `block in process_action'
/home/jerome/.rvm/gems/ruby-1.9.3-p385/gems/activesupport-3.2.12/lib/active_support/callbacks.rb:414:in `_run__311584550__process_action__834158157__callbacks'
/home/jerome/.rvm/gems/ruby-1.9.3-p385/gems/activesupport-3.2.12/lib/active_support/callbacks.rb:405:in `__run_callback'
/home/jerome/.rvm/gems/ruby-1.9.3-p385/gems/activesupport-3.2.12/lib/active_support/callbacks.rb:385:in `_run_process_action_callbacks'
/home/jerome/.rvm/gems/ruby-1.9.3-p385/gems/activesupport-3.2.12/lib/active_support/callbacks.rb:81:in `run_callbacks'
/home/jerome/.rvm/gems/ruby-1.9.3-p385/gems/actionpack-3.2.12/lib/abstract_controller/callbacks.rb:17:in `process_action'
/home/jerome/.rvm/gems/ruby-1.9.3-p385/gems/actionpack-3.2.12/lib/action_controller/metal/rescue.rb:29:in `process_action'
/home/jerome/.rvm/gems/ruby-1.9.3-p385/gems/actionpack-3.2.12/lib/action_controller/metal/instrumentation.rb:30:in `block in process_action'
/home/jerome/.rvm/gems/ruby-1.9.3-p385/gems/activesupport-3.2.12/lib/active_support/notifications.rb:123:in `block in instrument'
/home/jerome/.rvm/gems/ruby-1.9.3-p385/gems/activesupport-3.2.12/lib/active_support/notifications/instrumenter.rb:20:in `instrument'
/home/jerome/.rvm/gems/ruby-1.9.3-p385/gems/activesupport-3.2.12/lib/active_support/notifications.rb:123:in `instrument'
/home/jerome/.rvm/gems/ruby-1.9.3-p385/gems/actionpack-3.2.12/lib/action_controller/metal/instrumentation.rb:29:in `process_action'
/home/jerome/.rvm/gems/ruby-1.9.3-p385/gems/actionpack-3.2.12/lib/action_controller/metal/params_wrapper.rb:207:in `process_action'
/home/jerome/.rvm/gems/ruby-1.9.3-p385/gems/activerecord-3.2.12/lib/active_record/railties/controller_runtime.rb:18:in `process_action'
/home/jerome/.rvm/gems/ruby-1.9.3-p385/gems/actionpack-3.2.12/lib/abstract_controller/base.rb:121:in `process'
/home/jerome/.rvm/gems/ruby-1.9.3-p385/gems/actionpack-3.2.12/lib/abstract_controller/rendering.rb:45:in `process'
/home/jerome/.rvm/gems/ruby-1.9.3-p385/gems/actionpack-3.2.12/lib/action_controller/metal.rb:203:in `dispatch'
/home/jerome/.rvm/gems/ruby-1.9.3-p385/gems/actionpack-3.2.12/lib/action_controller/metal/rack_delegation.rb:14:in `dispatch'
/home/jerome/.rvm/gems/ruby-1.9.3-p385/gems/actionpack-3.2.12/lib/action_controller/metal.rb:246:in `block in action'
/home/jerome/.rvm/gems/ruby-1.9.3-p385/gems/actionpack-3.2.12/lib/action_dispatch/routing/route_set.rb:73:in `call'
/home/jerome/.rvm/gems/ruby-1.9.3-p385/gems/actionpack-3.2.12/lib/action_dispatch/routing/route_set.rb:73:in `dispatch'
/home/jerome/.rvm/gems/ruby-1.9.3-p385/gems/actionpack-3.2.12/lib/action_dispatch/routing/route_set.rb:36:in `call'
/home/jerome/.rvm/gems/ruby-1.9.3-p385/gems/journey-1.0.4/lib/journey/router.rb:68:in `block in call'
/home/jerome/.rvm/gems/ruby-1.9.3-p385/gems/journey-1.0.4/lib/journey/router.rb:56:in `each'
/home/jerome/.rvm/gems/ruby-1.9.3-p385/gems/journey-1.0.4/lib/journey/router.rb:56:in `call'
/home/jerome/.rvm/gems/ruby-1.9.3-p385/gems/actionpack-3.2.12/lib/action_dispatch/routing/route_set.rb:601:in `call'
/home/jerome/.rvm/gems/ruby-1.9.3-p385/gems/actionpack-3.2.12/lib/action_dispatch/middleware/best_standards_support.rb:17:in `call'
/home/jerome/.rvm/gems/ruby-1.9.3-p385/gems/rack-1.4.5/lib/rack/etag.rb:23:in `call'
/home/jerome/.rvm/gems/ruby-1.9.3-p385/gems/rack-1.4.5/lib/rack/conditionalget.rb:25:in `call'
/home/jerome/.rvm/gems/ruby-1.9.3-p385/gems/actionpack-3.2.12/lib/action_dispatch/middleware/head.rb:14:in `call'
/home/jerome/.rvm/gems/ruby-1.9.3-p385/gems/actionpack-3.2.12/lib/action_dispatch/middleware/params_parser.rb:21:in `call'
/home/jerome/.rvm/gems/ruby-1.9.3-p385/gems/actionpack-3.2.12/lib/action_dispatch/middleware/flash.rb:242:in `call'
/home/jerome/.rvm/gems/ruby-1.9.3-p385/gems/rack-1.4.5/lib/rack/session/abstract/id.rb:210:in `context'
/home/jerome/.rvm/gems/ruby-1.9.3-p385/gems/rack-1.4.5/lib/rack/session/abstract/id.rb:205:in `call'
/home/jerome/.rvm/gems/ruby-1.9.3-p385/gems/actionpack-3.2.12/lib/action_dispatch/middleware/cookies.rb:341:in `call'
/home/jerome/.rvm/gems/ruby-1.9.3-p385/gems/activerecord-3.2.12/lib/active_record/query_cache.rb:64:in `call'
/home/jerome/.rvm/gems/ruby-1.9.3-p385/gems/activerecord-3.2.12/lib/active_record/connection_adapters/abstract/connection_pool.rb:479:in `call'
/home/jerome/.rvm/gems/ruby-1.9.3-p385/gems/actionpack-3.2.12/lib/action_dispatch/middleware/callbacks.rb:28:in `block in call'
/home/jerome/.rvm/gems/ruby-1.9.3-p385/gems/activesupport-3.2.12/lib/active_support/callbacks.rb:405:in `_run__689305579__call__685131040__callbacks'
/home/jerome/.rvm/gems/ruby-1.9.3-p385/gems/activesupport-3.2.12/lib/active_support/callbacks.rb:405:in `__run_callback'
/home/jerome/.rvm/gems/ruby-1.9.3-p385/gems/activesupport-3.2.12/lib/active_support/callbacks.rb:385:in `_run_call_callbacks'
/home/jerome/.rvm/gems/ruby-1.9.3-p385/gems/activesupport-3.2.12/lib/active_support/callbacks.rb:81:in `run_callbacks'
/home/jerome/.rvm/gems/ruby-1.9.3-p385/gems/actionpack-3.2.12/lib/action_dispatch/middleware/callbacks.rb:27:in `call'
/home/jerome/.rvm/gems/ruby-1.9.3-p385/gems/actionpack-3.2.12/lib/action_dispatch/middleware/reloader.rb:65:in `call'
/home/jerome/.rvm/gems/ruby-1.9.3-p385/gems/actionpack-3.2.12/lib/action_dispatch/middleware/remote_ip.rb:31:in `call'
/home/jerome/.rvm/gems/ruby-1.9.3-p385/gems/actionpack-3.2.12/lib/action_dispatch/middleware/debug_exceptions.rb:16:in `call'
/home/jerome/.rvm/gems/ruby-1.9.3-p385/gems/actionpack-3.2.12/lib/action_dispatch/middleware/show_exceptions.rb:56:in `call'
/home/jerome/.rvm/gems/ruby-1.9.3-p385/gems/railties-3.2.12/lib/rails/rack/logger.rb:32:in `call_app'
/home/jerome/.rvm/gems/ruby-1.9.3-p385/gems/railties-3.2.12/lib/rails/rack/logger.rb:16:in `block in call'
/home/jerome/.rvm/gems/ruby-1.9.3-p385/gems/activesupport-3.2.12/lib/active_support/tagged_logging.rb:22:in `tagged'
/home/jerome/.rvm/gems/ruby-1.9.3-p385/gems/railties-3.2.12/lib/rails/rack/logger.rb:16:in `call'
/home/jerome/.rvm/gems/ruby-1.9.3-p385/gems/actionpack-3.2.12/lib/action_dispatch/middleware/request_id.rb:22:in `call'
/home/jerome/.rvm/gems/ruby-1.9.3-p385/gems/rack-1.4.5/lib/rack/methodoverride.rb:21:in `call'
/home/jerome/.rvm/gems/ruby-1.9.3-p385/gems/rack-1.4.5/lib/rack/runtime.rb:17:in `call'
/home/jerome/.rvm/gems/ruby-1.9.3-p385/gems/activesupport-3.2.12/lib/active_support/cache/strategy/local_cache.rb:72:in `call'
/home/jerome/.rvm/gems/ruby-1.9.3-p385/gems/rack-1.4.5/lib/rack/lock.rb:15:in `call'
/home/jerome/.rvm/gems/ruby-1.9.3-p385/gems/actionpack-3.2.12/lib/action_dispatch/middleware/static.rb:62:in `call'
/home/jerome/.rvm/gems/ruby-1.9.3-p385/gems/railties-3.2.12/lib/rails/engine.rb:479:in `call'
/home/jerome/.rvm/gems/ruby-1.9.3-p385/gems/railties-3.2.12/lib/rails/application.rb:223:in `call'
/home/jerome/.rvm/gems/ruby-1.9.3-p385/gems/rack-1.4.5/lib/rack/content_length.rb:14:in `call'
/home/jerome/.rvm/gems/ruby-1.9.3-p385/gems/railties-3.2.12/lib/rails/rack/log_tailer.rb:17:in `call'
/home/jerome/.rvm/gems/ruby-1.9.3-p385/gems/rack-1.4.5/lib/rack/handler/webrick.rb:59:in `service'
/home/jerome/.rvm/rubies/ruby-1.9.3-p385/lib/ruby/1.9.1/webrick/httpserver.rb:138:in `service'
/home/jerome/.rvm/rubies/ruby-1.9.3-p385/lib/ruby/1.9.1/webrick/httpserver.rb:94:in `run'
/home/jerome/.rvm/rubies/ruby-1.9.3-p385/lib/ruby/1.9.1/webrick/server.rb:191:in `block in start_thread'
  Rendered products/index.html.erb within layouts/application (19.9ms)
Completed 500 Internal Server Error in 226ms

ActionView::Template::Error (/home/jerome/work/depot/app/views/products/index.html.erb:7: syntax error, unexpected tIDENTIFIER, expecting ')'
...age_url, class: 'list_image') );@output_buffer.safe_concat('
...                               ^):
    4: <% @products.each do |product| %>
    5:   <tr class="<%= cycle('list_line_odd', 'list_line_even') %>">
    6:     <td>
    7: 	<%= image_tag(product.image_url, class: 'list_image') %>
    8: 	</td>
    9: 
    10: 	<td class="list_description">
  app/controllers/products_controller.rb:7:in `index'


  Rendered /home/jerome/.rvm/gems/ruby-1.9.3-p385/gems/actionpack-3.2.12/lib/action_dispatch/middleware/templates/rescues/_trace.erb (1.4ms)
  Rendered /home/jerome/.rvm/gems/ruby-1.9.3-p385/gems/actionpack-3.2.12/lib/action_dispatch/middleware/templates/rescues/_request_and_response.erb (1.1ms)
  Rendered /home/jerome/.rvm/gems/ruby-1.9.3-p385/gems/actionpack-3.2.12/lib/action_dispatch/middleware/templates/rescues/template_error.erb within rescues/layout (104.6ms)


Started GET "/products" for 127.0.0.1 at 2013-03-10 16:27:03 +0100
Processing by ProductsController#index as HTML
  [1m[35mProduct Load (4.9ms)[0m  SELECT "products".* FROM "products" 
ERROR: compiling _app_views_products_index_html_erb___447968279__617241368 RAISED /home/jerome/work/depot/app/views/products/index.html.erb:7: syntax error, unexpected tIDENTIFIER, expecting ')'
...age_url, class: 'list_image') );@output_buffer.safe_concat('
...                               ^
Function body:           def _app_views_products_index_html_erb___447968279__617241368(local_assigns, output_buffer)
            _old_virtual_path, @virtual_path = @virtual_path, "products/index";_old_output_buffer = @output_buffer;;@output_buffer = output_buffer || ActionView::OutputBuffer.new;@output_buffer.safe_concat('<h1>Listing products</h1>

<table>
'); @products.each do |product| 
@output_buffer.safe_concat('<tr class="');@output_buffer.append= ( cycle('list_line_odd', 'list_line_even') );@output_buffer.safe_concat('">
<td>
');@output_buffer.append= ( image_tag(product.image_url, class: 'list_image') );@output_buffer.safe_concat('
');@output_buffer.safe_concat('</td>
<td class="list_description">
<dl>
<dt>');@output_buffer.append= ( product.title );@output_buffer.safe_concat('</dt>
<dd>');@output_buffer.append= ( truncate(strip_tags(product.description), length: 80) );@output_buffer.safe_concat('</dd>
</dl>
</td>
<td class="list_actions">
    <td>');@output_buffer.append= ( link_to 'Show', product );@output_buffer.safe_concat('</td>
    <td>');@output_buffer.append= ( link_to 'Edit', edit_product_path(product) );@output_buffer.safe_concat('</td>
    <td>');@output_buffer.append= ( link_to 'Destroy', product, method: :delete, data: { confirm: 'Are you sure?' } );@output_buffer.safe_concat('</td>
  </tr>
'); end 
@output_buffer.safe_concat('</table>

<br />

');@output_buffer.append= ( link_to 'New Product', new_product_path );@output_buffer.safe_concat('
');@output_buffer.to_s
          ensure
            @virtual_path, @output_buffer = _old_virtual_path, _old_output_buffer
          end

Backtrace: /home/jerome/.rvm/gems/ruby-1.9.3-p385/gems/actionpack-3.2.12/lib/action_view/template.rb:297:in `module_eval'
/home/jerome/.rvm/gems/ruby-1.9.3-p385/gems/actionpack-3.2.12/lib/action_view/template.rb:297:in `compile'
/home/jerome/.rvm/gems/ruby-1.9.3-p385/gems/actionpack-3.2.12/lib/action_view/template.rb:244:in `block in compile!'
<internal:prelude>:10:in `synchronize'
/home/jerome/.rvm/gems/ruby-1.9.3-p385/gems/actionpack-3.2.12/lib/action_view/template.rb:232:in `compile!'
/home/jerome/.rvm/gems/ruby-1.9.3-p385/gems/actionpack-3.2.12/lib/action_view/template.rb:144:in `block in render'
/home/jerome/.rvm/gems/ruby-1.9.3-p385/gems/activesupport-3.2.12/lib/active_support/notifications.rb:125:in `instrument'
/home/jerome/.rvm/gems/ruby-1.9.3-p385/gems/actionpack-3.2.12/lib/action_view/template.rb:143:in `render'
/home/jerome/.rvm/gems/ruby-1.9.3-p385/gems/actionpack-3.2.12/lib/action_view/renderer/template_renderer.rb:47:in `block (2 levels) in render_template'
/home/jerome/.rvm/gems/ruby-1.9.3-p385/gems/actionpack-3.2.12/lib/action_view/renderer/abstract_renderer.rb:38:in `block in instrument'
/home/jerome/.rvm/gems/ruby-1.9.3-p385/gems/activesupport-3.2.12/lib/active_support/notifications.rb:123:in `block in instrument'
/home/jerome/.rvm/gems/ruby-1.9.3-p385/gems/activesupport-3.2.12/lib/active_support/notifications/instrumenter.rb:20:in `instrument'
/home/jerome/.rvm/gems/ruby-1.9.3-p385/gems/activesupport-3.2.12/lib/active_support/notifications.rb:123:in `instrument'
/home/jerome/.rvm/gems/ruby-1.9.3-p385/gems/actionpack-3.2.12/lib/action_view/renderer/abstract_renderer.rb:38:in `instrument'
/home/jerome/.rvm/gems/ruby-1.9.3-p385/gems/actionpack-3.2.12/lib/action_view/renderer/template_renderer.rb:46:in `block in render_template'
/home/jerome/.rvm/gems/ruby-1.9.3-p385/gems/actionpack-3.2.12/lib/action_view/renderer/template_renderer.rb:54:in `render_with_layout'
/home/jerome/.rvm/gems/ruby-1.9.3-p385/gems/actionpack-3.2.12/lib/action_view/renderer/template_renderer.rb:45:in `render_template'
/home/jerome/.rvm/gems/ruby-1.9.3-p385/gems/actionpack-3.2.12/lib/action_view/renderer/template_renderer.rb:18:in `render'
/home/jerome/.rvm/gems/ruby-1.9.3-p385/gems/actionpack-3.2.12/lib/action_view/renderer/renderer.rb:36:in `render_template'
/home/jerome/.rvm/gems/ruby-1.9.3-p385/gems/actionpack-3.2.12/lib/action_view/renderer/renderer.rb:17:in `render'
/home/jerome/.rvm/gems/ruby-1.9.3-p385/gems/actionpack-3.2.12/lib/abstract_controller/rendering.rb:110:in `_render_template'
/home/jerome/.rvm/gems/ruby-1.9.3-p385/gems/actionpack-3.2.12/lib/action_controller/metal/streaming.rb:225:in `_render_template'
/home/jerome/.rvm/gems/ruby-1.9.3-p385/gems/actionpack-3.2.12/lib/abstract_controller/rendering.rb:103:in `render_to_body'
/home/jerome/.rvm/gems/ruby-1.9.3-p385/gems/actionpack-3.2.12/lib/action_controller/metal/renderers.rb:28:in `render_to_body'
/home/jerome/.rvm/gems/ruby-1.9.3-p385/gems/actionpack-3.2.12/lib/action_controller/metal/compatibility.rb:50:in `render_to_body'
/home/jerome/.rvm/gems/ruby-1.9.3-p385/gems/actionpack-3.2.12/lib/abstract_controller/rendering.rb:88:in `render'
/home/jerome/.rvm/gems/ruby-1.9.3-p385/gems/actionpack-3.2.12/lib/action_controller/metal/rendering.rb:16:in `render'
/home/jerome/.rvm/gems/ruby-1.9.3-p385/gems/actionpack-3.2.12/lib/action_controller/metal/instrumentation.rb:40:in `block (2 levels) in render'
/home/jerome/.rvm/gems/ruby-1.9.3-p385/gems/activesupport-3.2.12/lib/active_support/core_ext/benchmark.rb:5:in `block in ms'
/home/jerome/.rvm/rubies/ruby-1.9.3-p385/lib/ruby/1.9.1/benchmark.rb:295:in `realtime'
/home/jerome/.rvm/gems/ruby-1.9.3-p385/gems/activesupport-3.2.12/lib/active_support/core_ext/benchmark.rb:5:in `ms'
/home/jerome/.rvm/gems/ruby-1.9.3-p385/gems/actionpack-3.2.12/lib/action_controller/metal/instrumentation.rb:40:in `block in render'
/home/jerome/.rvm/gems/ruby-1.9.3-p385/gems/actionpack-3.2.12/lib/action_controller/metal/instrumentation.rb:83:in `cleanup_view_runtime'
/home/jerome/.rvm/gems/ruby-1.9.3-p385/gems/activerecord-3.2.12/lib/active_record/railties/controller_runtime.rb:24:in `cleanup_view_runtime'
/home/jerome/.rvm/gems/ruby-1.9.3-p385/gems/actionpack-3.2.12/lib/action_controller/metal/instrumentation.rb:39:in `render'
/home/jerome/.rvm/gems/ruby-1.9.3-p385/gems/actionpack-3.2.12/lib/action_controller/metal/implicit_render.rb:10:in `default_render'
/home/jerome/.rvm/gems/ruby-1.9.3-p385/gems/actionpack-3.2.12/lib/action_controller/metal/mime_responds.rb:196:in `respond_to'
/home/jerome/work/depot/app/controllers/products_controller.rb:7:in `index'
/home/jerome/.rvm/gems/ruby-1.9.3-p385/gems/actionpack-3.2.12/lib/action_controller/metal/implicit_render.rb:4:in `send_action'
/home/jerome/.rvm/gems/ruby-1.9.3-p385/gems/actionpack-3.2.12/lib/abstract_controller/base.rb:167:in `process_action'
/home/jerome/.rvm/gems/ruby-1.9.3-p385/gems/actionpack-3.2.12/lib/action_controller/metal/rendering.rb:10:in `process_action'
/home/jerome/.rvm/gems/ruby-1.9.3-p385/gems/actionpack-3.2.12/lib/abstract_controller/callbacks.rb:18:in `block in process_action'
/home/jerome/.rvm/gems/ruby-1.9.3-p385/gems/activesupport-3.2.12/lib/active_support/callbacks.rb:414:in `_run__311584550__process_action__834158157__callbacks'
/home/jerome/.rvm/gems/ruby-1.9.3-p385/gems/activesupport-3.2.12/lib/active_support/callbacks.rb:405:in `__run_callback'
/home/jerome/.rvm/gems/ruby-1.9.3-p385/gems/activesupport-3.2.12/lib/active_support/callbacks.rb:385:in `_run_process_action_callbacks'
/home/jerome/.rvm/gems/ruby-1.9.3-p385/gems/activesupport-3.2.12/lib/active_support/callbacks.rb:81:in `run_callbacks'
/home/jerome/.rvm/gems/ruby-1.9.3-p385/gems/actionpack-3.2.12/lib/abstract_controller/callbacks.rb:17:in `process_action'
/home/jerome/.rvm/gems/ruby-1.9.3-p385/gems/actionpack-3.2.12/lib/action_controller/metal/rescue.rb:29:in `process_action'
/home/jerome/.rvm/gems/ruby-1.9.3-p385/gems/actionpack-3.2.12/lib/action_controller/metal/instrumentation.rb:30:in `block in process_action'
/home/jerome/.rvm/gems/ruby-1.9.3-p385/gems/activesupport-3.2.12/lib/active_support/notifications.rb:123:in `block in instrument'
/home/jerome/.rvm/gems/ruby-1.9.3-p385/gems/activesupport-3.2.12/lib/active_support/notifications/instrumenter.rb:20:in `instrument'
/home/jerome/.rvm/gems/ruby-1.9.3-p385/gems/activesupport-3.2.12/lib/active_support/notifications.rb:123:in `instrument'
/home/jerome/.rvm/gems/ruby-1.9.3-p385/gems/actionpack-3.2.12/lib/action_controller/metal/instrumentation.rb:29:in `process_action'
/home/jerome/.rvm/gems/ruby-1.9.3-p385/gems/actionpack-3.2.12/lib/action_controller/metal/params_wrapper.rb:207:in `process_action'
/home/jerome/.rvm/gems/ruby-1.9.3-p385/gems/activerecord-3.2.12/lib/active_record/railties/controller_runtime.rb:18:in `process_action'
/home/jerome/.rvm/gems/ruby-1.9.3-p385/gems/actionpack-3.2.12/lib/abstract_controller/base.rb:121:in `process'
/home/jerome/.rvm/gems/ruby-1.9.3-p385/gems/actionpack-3.2.12/lib/abstract_controller/rendering.rb:45:in `process'
/home/jerome/.rvm/gems/ruby-1.9.3-p385/gems/actionpack-3.2.12/lib/action_controller/metal.rb:203:in `dispatch'
/home/jerome/.rvm/gems/ruby-1.9.3-p385/gems/actionpack-3.2.12/lib/action_controller/metal/rack_delegation.rb:14:in `dispatch'
/home/jerome/.rvm/gems/ruby-1.9.3-p385/gems/actionpack-3.2.12/lib/action_controller/metal.rb:246:in `block in action'
/home/jerome/.rvm/gems/ruby-1.9.3-p385/gems/actionpack-3.2.12/lib/action_dispatch/routing/route_set.rb:73:in `call'
/home/jerome/.rvm/gems/ruby-1.9.3-p385/gems/actionpack-3.2.12/lib/action_dispatch/routing/route_set.rb:73:in `dispatch'
/home/jerome/.rvm/gems/ruby-1.9.3-p385/gems/actionpack-3.2.12/lib/action_dispatch/routing/route_set.rb:36:in `call'
/home/jerome/.rvm/gems/ruby-1.9.3-p385/gems/journey-1.0.4/lib/journey/router.rb:68:in `block in call'
/home/jerome/.rvm/gems/ruby-1.9.3-p385/gems/journey-1.0.4/lib/journey/router.rb:56:in `each'
/home/jerome/.rvm/gems/ruby-1.9.3-p385/gems/journey-1.0.4/lib/journey/router.rb:56:in `call'
/home/jerome/.rvm/gems/ruby-1.9.3-p385/gems/actionpack-3.2.12/lib/action_dispatch/routing/route_set.rb:601:in `call'
/home/jerome/.rvm/gems/ruby-1.9.3-p385/gems/actionpack-3.2.12/lib/action_dispatch/middleware/best_standards_support.rb:17:in `call'
/home/jerome/.rvm/gems/ruby-1.9.3-p385/gems/rack-1.4.5/lib/rack/etag.rb:23:in `call'
/home/jerome/.rvm/gems/ruby-1.9.3-p385/gems/rack-1.4.5/lib/rack/conditionalget.rb:25:in `call'
/home/jerome/.rvm/gems/ruby-1.9.3-p385/gems/actionpack-3.2.12/lib/action_dispatch/middleware/head.rb:14:in `call'
/home/jerome/.rvm/gems/ruby-1.9.3-p385/gems/actionpack-3.2.12/lib/action_dispatch/middleware/params_parser.rb:21:in `call'
/home/jerome/.rvm/gems/ruby-1.9.3-p385/gems/actionpack-3.2.12/lib/action_dispatch/middleware/flash.rb:242:in `call'
/home/jerome/.rvm/gems/ruby-1.9.3-p385/gems/rack-1.4.5/lib/rack/session/abstract/id.rb:210:in `context'
/home/jerome/.rvm/gems/ruby-1.9.3-p385/gems/rack-1.4.5/lib/rack/session/abstract/id.rb:205:in `call'
/home/jerome/.rvm/gems/ruby-1.9.3-p385/gems/actionpack-3.2.12/lib/action_dispatch/middleware/cookies.rb:341:in `call'
/home/jerome/.rvm/gems/ruby-1.9.3-p385/gems/activerecord-3.2.12/lib/active_record/query_cache.rb:64:in `call'
/home/jerome/.rvm/gems/ruby-1.9.3-p385/gems/activerecord-3.2.12/lib/active_record/connection_adapters/abstract/connection_pool.rb:479:in `call'
/home/jerome/.rvm/gems/ruby-1.9.3-p385/gems/actionpack-3.2.12/lib/action_dispatch/middleware/callbacks.rb:28:in `block in call'
/home/jerome/.rvm/gems/ruby-1.9.3-p385/gems/activesupport-3.2.12/lib/active_support/callbacks.rb:405:in `_run__689305579__call__685131040__callbacks'
/home/jerome/.rvm/gems/ruby-1.9.3-p385/gems/activesupport-3.2.12/lib/active_support/callbacks.rb:405:in `__run_callback'
/home/jerome/.rvm/gems/ruby-1.9.3-p385/gems/activesupport-3.2.12/lib/active_support/callbacks.rb:385:in `_run_call_callbacks'
/home/jerome/.rvm/gems/ruby-1.9.3-p385/gems/activesupport-3.2.12/lib/active_support/callbacks.rb:81:in `run_callbacks'
/home/jerome/.rvm/gems/ruby-1.9.3-p385/gems/actionpack-3.2.12/lib/action_dispatch/middleware/callbacks.rb:27:in `call'
/home/jerome/.rvm/gems/ruby-1.9.3-p385/gems/actionpack-3.2.12/lib/action_dispatch/middleware/reloader.rb:65:in `call'
/home/jerome/.rvm/gems/ruby-1.9.3-p385/gems/actionpack-3.2.12/lib/action_dispatch/middleware/remote_ip.rb:31:in `call'
/home/jerome/.rvm/gems/ruby-1.9.3-p385/gems/actionpack-3.2.12/lib/action_dispatch/middleware/debug_exceptions.rb:16:in `call'
/home/jerome/.rvm/gems/ruby-1.9.3-p385/gems/actionpack-3.2.12/lib/action_dispatch/middleware/show_exceptions.rb:56:in `call'
/home/jerome/.rvm/gems/ruby-1.9.3-p385/gems/railties-3.2.12/lib/rails/rack/logger.rb:32:in `call_app'
/home/jerome/.rvm/gems/ruby-1.9.3-p385/gems/railties-3.2.12/lib/rails/rack/logger.rb:16:in `block in call'
/home/jerome/.rvm/gems/ruby-1.9.3-p385/gems/activesupport-3.2.12/lib/active_support/tagged_logging.rb:22:in `tagged'
/home/jerome/.rvm/gems/ruby-1.9.3-p385/gems/railties-3.2.12/lib/rails/rack/logger.rb:16:in `call'
/home/jerome/.rvm/gems/ruby-1.9.3-p385/gems/actionpack-3.2.12/lib/action_dispatch/middleware/request_id.rb:22:in `call'
/home/jerome/.rvm/gems/ruby-1.9.3-p385/gems/rack-1.4.5/lib/rack/methodoverride.rb:21:in `call'
/home/jerome/.rvm/gems/ruby-1.9.3-p385/gems/rack-1.4.5/lib/rack/runtime.rb:17:in `call'
/home/jerome/.rvm/gems/ruby-1.9.3-p385/gems/activesupport-3.2.12/lib/active_support/cache/strategy/local_cache.rb:72:in `call'
/home/jerome/.rvm/gems/ruby-1.9.3-p385/gems/rack-1.4.5/lib/rack/lock.rb:15:in `call'
/home/jerome/.rvm/gems/ruby-1.9.3-p385/gems/actionpack-3.2.12/lib/action_dispatch/middleware/static.rb:62:in `call'
/home/jerome/.rvm/gems/ruby-1.9.3-p385/gems/railties-3.2.12/lib/rails/engine.rb:479:in `call'
/home/jerome/.rvm/gems/ruby-1.9.3-p385/gems/railties-3.2.12/lib/rails/application.rb:223:in `call'
/home/jerome/.rvm/gems/ruby-1.9.3-p385/gems/rack-1.4.5/lib/rack/content_length.rb:14:in `call'
/home/jerome/.rvm/gems/ruby-1.9.3-p385/gems/railties-3.2.12/lib/rails/rack/log_tailer.rb:17:in `call'
/home/jerome/.rvm/gems/ruby-1.9.3-p385/gems/rack-1.4.5/lib/rack/handler/webrick.rb:59:in `service'
/home/jerome/.rvm/rubies/ruby-1.9.3-p385/lib/ruby/1.9.1/webrick/httpserver.rb:138:in `service'
/home/jerome/.rvm/rubies/ruby-1.9.3-p385/lib/ruby/1.9.1/webrick/httpserver.rb:94:in `run'
/home/jerome/.rvm/rubies/ruby-1.9.3-p385/lib/ruby/1.9.1/webrick/server.rb:191:in `block in start_thread'
  Rendered products/index.html.erb within layouts/application (4.8ms)
Completed 500 Internal Server Error in 13ms

ActionView::Template::Error (/home/jerome/work/depot/app/views/products/index.html.erb:7: syntax error, unexpected tIDENTIFIER, expecting ')'
...age_url, class: 'list_image') );@output_buffer.safe_concat('
...                               ^):
    4: <% @products.each do |product| %>
    5: <tr class="<%= cycle('list_line_odd', 'list_line_even') %>">
    6: <td>
    7: <%= image_tag(product.image_url, class: 'list_image') %>
    8: </td>
    9: <td class="list_description">
    10: <dl>
  app/controllers/products_controller.rb:7:in `index'


  Rendered /home/jerome/.rvm/gems/ruby-1.9.3-p385/gems/actionpack-3.2.12/lib/action_dispatch/middleware/templates/rescues/_trace.erb (2.7ms)
  Rendered /home/jerome/.rvm/gems/ruby-1.9.3-p385/gems/actionpack-3.2.12/lib/action_dispatch/middleware/templates/rescues/_request_and_response.erb (1.2ms)
  Rendered /home/jerome/.rvm/gems/ruby-1.9.3-p385/gems/actionpack-3.2.12/lib/action_dispatch/middleware/templates/rescues/template_error.erb within rescues/layout (32.6ms)


Started GET "/products" for 127.0.0.1 at 2013-03-10 16:27:04 +0100
Processing by ProductsController#index as HTML
  [1m[36mProduct Load (0.2ms)[0m  [1mSELECT "products".* FROM "products" [0m
ERROR: compiling _app_views_products_index_html_erb___447968279__617241368 RAISED /home/jerome/work/depot/app/views/products/index.html.erb:7: syntax error, unexpected tIDENTIFIER, expecting ')'
...age_url, class: 'list_image') );@output_buffer.safe_concat('
...                               ^
Function body:           def _app_views_products_index_html_erb___447968279__617241368(local_assigns, output_buffer)
            _old_virtual_path, @virtual_path = @virtual_path, "products/index";_old_output_buffer = @output_buffer;;@output_buffer = output_buffer || ActionView::OutputBuffer.new;@output_buffer.safe_concat('<h1>Listing products</h1>

<table>
'); @products.each do |product| 
@output_buffer.safe_concat('<tr class="');@output_buffer.append= ( cycle('list_line_odd', 'list_line_even') );@output_buffer.safe_concat('">
<td>
');@output_buffer.append= ( image_tag(product.image_url, class: 'list_image') );@output_buffer.safe_concat('
');@output_buffer.safe_concat('</td>
<td class="list_description">
<dl>
<dt>');@output_buffer.append= ( product.title );@output_buffer.safe_concat('</dt>
<dd>');@output_buffer.append= ( truncate(strip_tags(product.description), length: 80) );@output_buffer.safe_concat('</dd>
</dl>
</td>
<td class="list_actions">
    <td>');@output_buffer.append= ( link_to 'Show', product );@output_buffer.safe_concat('</td>
    <td>');@output_buffer.append= ( link_to 'Edit', edit_product_path(product) );@output_buffer.safe_concat('</td>
    <td>');@output_buffer.append= ( link_to 'Destroy', product, method: :delete, data: { confirm: 'Are you sure?' } );@output_buffer.safe_concat('</td>
  </tr>
'); end 
@output_buffer.safe_concat('</table>

<br />

');@output_buffer.append= ( link_to 'New Product', new_product_path );@output_buffer.safe_concat('
');@output_buffer.to_s
          ensure
            @virtual_path, @output_buffer = _old_virtual_path, _old_output_buffer
          end

Backtrace: /home/jerome/.rvm/gems/ruby-1.9.3-p385/gems/actionpack-3.2.12/lib/action_view/template.rb:297:in `module_eval'
/home/jerome/.rvm/gems/ruby-1.9.3-p385/gems/actionpack-3.2.12/lib/action_view/template.rb:297:in `compile'
/home/jerome/.rvm/gems/ruby-1.9.3-p385/gems/actionpack-3.2.12/lib/action_view/template.rb:244:in `block in compile!'
<internal:prelude>:10:in `synchronize'
/home/jerome/.rvm/gems/ruby-1.9.3-p385/gems/actionpack-3.2.12/lib/action_view/template.rb:232:in `compile!'
/home/jerome/.rvm/gems/ruby-1.9.3-p385/gems/actionpack-3.2.12/lib/action_view/template.rb:144:in `block in render'
/home/jerome/.rvm/gems/ruby-1.9.3-p385/gems/activesupport-3.2.12/lib/active_support/notifications.rb:125:in `instrument'
/home/jerome/.rvm/gems/ruby-1.9.3-p385/gems/actionpack-3.2.12/lib/action_view/template.rb:143:in `render'
/home/jerome/.rvm/gems/ruby-1.9.3-p385/gems/actionpack-3.2.12/lib/action_view/renderer/template_renderer.rb:47:in `block (2 levels) in render_template'
/home/jerome/.rvm/gems/ruby-1.9.3-p385/gems/actionpack-3.2.12/lib/action_view/renderer/abstract_renderer.rb:38:in `block in instrument'
/home/jerome/.rvm/gems/ruby-1.9.3-p385/gems/activesupport-3.2.12/lib/active_support/notifications.rb:123:in `block in instrument'
/home/jerome/.rvm/gems/ruby-1.9.3-p385/gems/activesupport-3.2.12/lib/active_support/notifications/instrumenter.rb:20:in `instrument'
/home/jerome/.rvm/gems/ruby-1.9.3-p385/gems/activesupport-3.2.12/lib/active_support/notifications.rb:123:in `instrument'
/home/jerome/.rvm/gems/ruby-1.9.3-p385/gems/actionpack-3.2.12/lib/action_view/renderer/abstract_renderer.rb:38:in `instrument'
/home/jerome/.rvm/gems/ruby-1.9.3-p385/gems/actionpack-3.2.12/lib/action_view/renderer/template_renderer.rb:46:in `block in render_template'
/home/jerome/.rvm/gems/ruby-1.9.3-p385/gems/actionpack-3.2.12/lib/action_view/renderer/template_renderer.rb:54:in `render_with_layout'
/home/jerome/.rvm/gems/ruby-1.9.3-p385/gems/actionpack-3.2.12/lib/action_view/renderer/template_renderer.rb:45:in `render_template'
/home/jerome/.rvm/gems/ruby-1.9.3-p385/gems/actionpack-3.2.12/lib/action_view/renderer/template_renderer.rb:18:in `render'
/home/jerome/.rvm/gems/ruby-1.9.3-p385/gems/actionpack-3.2.12/lib/action_view/renderer/renderer.rb:36:in `render_template'
/home/jerome/.rvm/gems/ruby-1.9.3-p385/gems/actionpack-3.2.12/lib/action_view/renderer/renderer.rb:17:in `render'
/home/jerome/.rvm/gems/ruby-1.9.3-p385/gems/actionpack-3.2.12/lib/abstract_controller/rendering.rb:110:in `_render_template'
/home/jerome/.rvm/gems/ruby-1.9.3-p385/gems/actionpack-3.2.12/lib/action_controller/metal/streaming.rb:225:in `_render_template'
/home/jerome/.rvm/gems/ruby-1.9.3-p385/gems/actionpack-3.2.12/lib/abstract_controller/rendering.rb:103:in `render_to_body'
/home/jerome/.rvm/gems/ruby-1.9.3-p385/gems/actionpack-3.2.12/lib/action_controller/metal/renderers.rb:28:in `render_to_body'
/home/jerome/.rvm/gems/ruby-1.9.3-p385/gems/actionpack-3.2.12/lib/action_controller/metal/compatibility.rb:50:in `render_to_body'
/home/jerome/.rvm/gems/ruby-1.9.3-p385/gems/actionpack-3.2.12/lib/abstract_controller/rendering.rb:88:in `render'
/home/jerome/.rvm/gems/ruby-1.9.3-p385/gems/actionpack-3.2.12/lib/action_controller/metal/rendering.rb:16:in `render'
/home/jerome/.rvm/gems/ruby-1.9.3-p385/gems/actionpack-3.2.12/lib/action_controller/metal/instrumentation.rb:40:in `block (2 levels) in render'
/home/jerome/.rvm/gems/ruby-1.9.3-p385/gems/activesupport-3.2.12/lib/active_support/core_ext/benchmark.rb:5:in `block in ms'
/home/jerome/.rvm/rubies/ruby-1.9.3-p385/lib/ruby/1.9.1/benchmark.rb:295:in `realtime'
/home/jerome/.rvm/gems/ruby-1.9.3-p385/gems/activesupport-3.2.12/lib/active_support/core_ext/benchmark.rb:5:in `ms'
/home/jerome/.rvm/gems/ruby-1.9.3-p385/gems/actionpack-3.2.12/lib/action_controller/metal/instrumentation.rb:40:in `block in render'
/home/jerome/.rvm/gems/ruby-1.9.3-p385/gems/actionpack-3.2.12/lib/action_controller/metal/instrumentation.rb:83:in `cleanup_view_runtime'
/home/jerome/.rvm/gems/ruby-1.9.3-p385/gems/activerecord-3.2.12/lib/active_record/railties/controller_runtime.rb:24:in `cleanup_view_runtime'
/home/jerome/.rvm/gems/ruby-1.9.3-p385/gems/actionpack-3.2.12/lib/action_controller/metal/instrumentation.rb:39:in `render'
/home/jerome/.rvm/gems/ruby-1.9.3-p385/gems/actionpack-3.2.12/lib/action_controller/metal/implicit_render.rb:10:in `default_render'
/home/jerome/.rvm/gems/ruby-1.9.3-p385/gems/actionpack-3.2.12/lib/action_controller/metal/mime_responds.rb:196:in `respond_to'
/home/jerome/work/depot/app/controllers/products_controller.rb:7:in `index'
/home/jerome/.rvm/gems/ruby-1.9.3-p385/gems/actionpack-3.2.12/lib/action_controller/metal/implicit_render.rb:4:in `send_action'
/home/jerome/.rvm/gems/ruby-1.9.3-p385/gems/actionpack-3.2.12/lib/abstract_controller/base.rb:167:in `process_action'
/home/jerome/.rvm/gems/ruby-1.9.3-p385/gems/actionpack-3.2.12/lib/action_controller/metal/rendering.rb:10:in `process_action'
/home/jerome/.rvm/gems/ruby-1.9.3-p385/gems/actionpack-3.2.12/lib/abstract_controller/callbacks.rb:18:in `block in process_action'
/home/jerome/.rvm/gems/ruby-1.9.3-p385/gems/activesupport-3.2.12/lib/active_support/callbacks.rb:414:in `_run__311584550__process_action__834158157__callbacks'
/home/jerome/.rvm/gems/ruby-1.9.3-p385/gems/activesupport-3.2.12/lib/active_support/callbacks.rb:405:in `__run_callback'
/home/jerome/.rvm/gems/ruby-1.9.3-p385/gems/activesupport-3.2.12/lib/active_support/callbacks.rb:385:in `_run_process_action_callbacks'
/home/jerome/.rvm/gems/ruby-1.9.3-p385/gems/activesupport-3.2.12/lib/active_support/callbacks.rb:81:in `run_callbacks'
/home/jerome/.rvm/gems/ruby-1.9.3-p385/gems/actionpack-3.2.12/lib/abstract_controller/callbacks.rb:17:in `process_action'
/home/jerome/.rvm/gems/ruby-1.9.3-p385/gems/actionpack-3.2.12/lib/action_controller/metal/rescue.rb:29:in `process_action'
/home/jerome/.rvm/gems/ruby-1.9.3-p385/gems/actionpack-3.2.12/lib/action_controller/metal/instrumentation.rb:30:in `block in process_action'
/home/jerome/.rvm/gems/ruby-1.9.3-p385/gems/activesupport-3.2.12/lib/active_support/notifications.rb:123:in `block in instrument'
/home/jerome/.rvm/gems/ruby-1.9.3-p385/gems/activesupport-3.2.12/lib/active_support/notifications/instrumenter.rb:20:in `instrument'
/home/jerome/.rvm/gems/ruby-1.9.3-p385/gems/activesupport-3.2.12/lib/active_support/notifications.rb:123:in `instrument'
/home/jerome/.rvm/gems/ruby-1.9.3-p385/gems/actionpack-3.2.12/lib/action_controller/metal/instrumentation.rb:29:in `process_action'
/home/jerome/.rvm/gems/ruby-1.9.3-p385/gems/actionpack-3.2.12/lib/action_controller/metal/params_wrapper.rb:207:in `process_action'
/home/jerome/.rvm/gems/ruby-1.9.3-p385/gems/activerecord-3.2.12/lib/active_record/railties/controller_runtime.rb:18:in `process_action'
/home/jerome/.rvm/gems/ruby-1.9.3-p385/gems/actionpack-3.2.12/lib/abstract_controller/base.rb:121:in `process'
/home/jerome/.rvm/gems/ruby-1.9.3-p385/gems/actionpack-3.2.12/lib/abstract_controller/rendering.rb:45:in `process'
/home/jerome/.rvm/gems/ruby-1.9.3-p385/gems/actionpack-3.2.12/lib/action_controller/metal.rb:203:in `dispatch'
/home/jerome/.rvm/gems/ruby-1.9.3-p385/gems/actionpack-3.2.12/lib/action_controller/metal/rack_delegation.rb:14:in `dispatch'
/home/jerome/.rvm/gems/ruby-1.9.3-p385/gems/actionpack-3.2.12/lib/action_controller/metal.rb:246:in `block in action'
/home/jerome/.rvm/gems/ruby-1.9.3-p385/gems/actionpack-3.2.12/lib/action_dispatch/routing/route_set.rb:73:in `call'
/home/jerome/.rvm/gems/ruby-1.9.3-p385/gems/actionpack-3.2.12/lib/action_dispatch/routing/route_set.rb:73:in `dispatch'
/home/jerome/.rvm/gems/ruby-1.9.3-p385/gems/actionpack-3.2.12/lib/action_dispatch/routing/route_set.rb:36:in `call'
/home/jerome/.rvm/gems/ruby-1.9.3-p385/gems/journey-1.0.4/lib/journey/router.rb:68:in `block in call'
/home/jerome/.rvm/gems/ruby-1.9.3-p385/gems/journey-1.0.4/lib/journey/router.rb:56:in `each'
/home/jerome/.rvm/gems/ruby-1.9.3-p385/gems/journey-1.0.4/lib/journey/router.rb:56:in `call'
/home/jerome/.rvm/gems/ruby-1.9.3-p385/gems/actionpack-3.2.12/lib/action_dispatch/routing/route_set.rb:601:in `call'
/home/jerome/.rvm/gems/ruby-1.9.3-p385/gems/actionpack-3.2.12/lib/action_dispatch/middleware/best_standards_support.rb:17:in `call'
/home/jerome/.rvm/gems/ruby-1.9.3-p385/gems/rack-1.4.5/lib/rack/etag.rb:23:in `call'
/home/jerome/.rvm/gems/ruby-1.9.3-p385/gems/rack-1.4.5/lib/rack/conditionalget.rb:25:in `call'
/home/jerome/.rvm/gems/ruby-1.9.3-p385/gems/actionpack-3.2.12/lib/action_dispatch/middleware/head.rb:14:in `call'
/home/jerome/.rvm/gems/ruby-1.9.3-p385/gems/actionpack-3.2.12/lib/action_dispatch/middleware/params_parser.rb:21:in `call'
/home/jerome/.rvm/gems/ruby-1.9.3-p385/gems/actionpack-3.2.12/lib/action_dispatch/middleware/flash.rb:242:in `call'
/home/jerome/.rvm/gems/ruby-1.9.3-p385/gems/rack-1.4.5/lib/rack/session/abstract/id.rb:210:in `context'
/home/jerome/.rvm/gems/ruby-1.9.3-p385/gems/rack-1.4.5/lib/rack/session/abstract/id.rb:205:in `call'
/home/jerome/.rvm/gems/ruby-1.9.3-p385/gems/actionpack-3.2.12/lib/action_dispatch/middleware/cookies.rb:341:in `call'
/home/jerome/.rvm/gems/ruby-1.9.3-p385/gems/activerecord-3.2.12/lib/active_record/query_cache.rb:64:in `call'
/home/jerome/.rvm/gems/ruby-1.9.3-p385/gems/activerecord-3.2.12/lib/active_record/connection_adapters/abstract/connection_pool.rb:479:in `call'
/home/jerome/.rvm/gems/ruby-1.9.3-p385/gems/actionpack-3.2.12/lib/action_dispatch/middleware/callbacks.rb:28:in `block in call'
/home/jerome/.rvm/gems/ruby-1.9.3-p385/gems/activesupport-3.2.12/lib/active_support/callbacks.rb:405:in `_run__689305579__call__685131040__callbacks'
/home/jerome/.rvm/gems/ruby-1.9.3-p385/gems/activesupport-3.2.12/lib/active_support/callbacks.rb:405:in `__run_callback'
/home/jerome/.rvm/gems/ruby-1.9.3-p385/gems/activesupport-3.2.12/lib/active_support/callbacks.rb:385:in `_run_call_callbacks'
/home/jerome/.rvm/gems/ruby-1.9.3-p385/gems/activesupport-3.2.12/lib/active_support/callbacks.rb:81:in `run_callbacks'
/home/jerome/.rvm/gems/ruby-1.9.3-p385/gems/actionpack-3.2.12/lib/action_dispatch/middleware/callbacks.rb:27:in `call'
/home/jerome/.rvm/gems/ruby-1.9.3-p385/gems/actionpack-3.2.12/lib/action_dispatch/middleware/reloader.rb:65:in `call'
/home/jerome/.rvm/gems/ruby-1.9.3-p385/gems/actionpack-3.2.12/lib/action_dispatch/middleware/remote_ip.rb:31:in `call'
/home/jerome/.rvm/gems/ruby-1.9.3-p385/gems/actionpack-3.2.12/lib/action_dispatch/middleware/debug_exceptions.rb:16:in `call'
/home/jerome/.rvm/gems/ruby-1.9.3-p385/gems/actionpack-3.2.12/lib/action_dispatch/middleware/show_exceptions.rb:56:in `call'
/home/jerome/.rvm/gems/ruby-1.9.3-p385/gems/railties-3.2.12/lib/rails/rack/logger.rb:32:in `call_app'
/home/jerome/.rvm/gems/ruby-1.9.3-p385/gems/railties-3.2.12/lib/rails/rack/logger.rb:16:in `block in call'
/home/jerome/.rvm/gems/ruby-1.9.3-p385/gems/activesupport-3.2.12/lib/active_support/tagged_logging.rb:22:in `tagged'
/home/jerome/.rvm/gems/ruby-1.9.3-p385/gems/railties-3.2.12/lib/rails/rack/logger.rb:16:in `call'
/home/jerome/.rvm/gems/ruby-1.9.3-p385/gems/actionpack-3.2.12/lib/action_dispatch/middleware/request_id.rb:22:in `call'
/home/jerome/.rvm/gems/ruby-1.9.3-p385/gems/rack-1.4.5/lib/rack/methodoverride.rb:21:in `call'
/home/jerome/.rvm/gems/ruby-1.9.3-p385/gems/rack-1.4.5/lib/rack/runtime.rb:17:in `call'
/home/jerome/.rvm/gems/ruby-1.9.3-p385/gems/activesupport-3.2.12/lib/active_support/cache/strategy/local_cache.rb:72:in `call'
/home/jerome/.rvm/gems/ruby-1.9.3-p385/gems/rack-1.4.5/lib/rack/lock.rb:15:in `call'
/home/jerome/.rvm/gems/ruby-1.9.3-p385/gems/actionpack-3.2.12/lib/action_dispatch/middleware/static.rb:62:in `call'
/home/jerome/.rvm/gems/ruby-1.9.3-p385/gems/railties-3.2.12/lib/rails/engine.rb:479:in `call'
/home/jerome/.rvm/gems/ruby-1.9.3-p385/gems/railties-3.2.12/lib/rails/application.rb:223:in `call'
/home/jerome/.rvm/gems/ruby-1.9.3-p385/gems/rack-1.4.5/lib/rack/content_length.rb:14:in `call'
/home/jerome/.rvm/gems/ruby-1.9.3-p385/gems/railties-3.2.12/lib/rails/rack/log_tailer.rb:17:in `call'
/home/jerome/.rvm/gems/ruby-1.9.3-p385/gems/rack-1.4.5/lib/rack/handler/webrick.rb:59:in `service'
/home/jerome/.rvm/rubies/ruby-1.9.3-p385/lib/ruby/1.9.1/webrick/httpserver.rb:138:in `service'
/home/jerome/.rvm/rubies/ruby-1.9.3-p385/lib/ruby/1.9.1/webrick/httpserver.rb:94:in `run'
/home/jerome/.rvm/rubies/ruby-1.9.3-p385/lib/ruby/1.9.1/webrick/server.rb:191:in `block in start_thread'
  Rendered products/index.html.erb within layouts/application (0.8ms)
Completed 500 Internal Server Error in 5ms

ActionView::Template::Error (/home/jerome/work/depot/app/views/products/index.html.erb:7: syntax error, unexpected tIDENTIFIER, expecting ')'
...age_url, class: 'list_image') );@output_buffer.safe_concat('
...                               ^):
    4: <% @products.each do |product| %>
    5: <tr class="<%= cycle('list_line_odd', 'list_line_even') %>">
    6: <td>
    7: <%= image_tag(product.image_url, class: 'list_image') %>
    8: </td>
    9: <td class="list_description">
    10: <dl>
  app/controllers/products_controller.rb:7:in `index'


  Rendered /home/jerome/.rvm/gems/ruby-1.9.3-p385/gems/actionpack-3.2.12/lib/action_dispatch/middleware/templates/rescues/_trace.erb (1.7ms)
  Rendered /home/jerome/.rvm/gems/ruby-1.9.3-p385/gems/actionpack-3.2.12/lib/action_dispatch/middleware/templates/rescues/_request_and_response.erb (0.9ms)
  Rendered /home/jerome/.rvm/gems/ruby-1.9.3-p385/gems/actionpack-3.2.12/lib/action_dispatch/middleware/templates/rescues/template_error.erb within rescues/layout (17.0ms)


Started GET "/products" for 127.0.0.1 at 2013-03-10 16:29:27 +0100
Processing by ProductsController#index as HTML
  [1m[35mProduct Load (0.2ms)[0m  SELECT "products".* FROM "products" 
  Rendered products/index.html.erb within layouts/application (145.3ms)
Compiled products.css  (41ms)  (pid 2807)
Compiled application.css  (2ms)  (pid 2807)
Completed 500 Internal Server Error in 425ms

ActionView::Template::Error (undefined local variable or method ` controller' for #<#<Class:0xb5fcbbb4>:0xb61a7b40>):
    6:   <%= javascript_include_tag "application" %>
    7:   <%= csrf_meta_tags %>
    8: </head>
    9: <body class='<%= controller.controller_name %>'>
    10: 
    11: <%= yield %>
    12: 
  app/views/layouts/application.html.erb:9:in `_app_views_layouts_application_html_erb__126661414_90312810'
  app/controllers/products_controller.rb:7:in `index'


  Rendered /home/jerome/.rvm/gems/ruby-1.9.3-p385/gems/actionpack-3.2.12/lib/action_dispatch/middleware/templates/rescues/_trace.erb (1.5ms)
  Rendered /home/jerome/.rvm/gems/ruby-1.9.3-p385/gems/actionpack-3.2.12/lib/action_dispatch/middleware/templates/rescues/_request_and_response.erb (10.1ms)
  Rendered /home/jerome/.rvm/gems/ruby-1.9.3-p385/gems/actionpack-3.2.12/lib/action_dispatch/middleware/templates/rescues/template_error.erb within rescues/layout (32.6ms)


Started GET "/products" for 127.0.0.1 at 2013-03-10 16:32:05 +0100
Processing by ProductsController#index as HTML
  [1m[36mProduct Load (0.2ms)[0m  [1mSELECT "products".* FROM "products" [0m
  Rendered products/index.html.erb within layouts/application (9.3ms)
Completed 200 OK in 25ms (Views: 20.1ms | ActiveRecord: 0.2ms)


Started GET "/assets/application.css?body=1" for 127.0.0.1 at 2013-03-10 16:32:05 +0100
Served asset /application.css - 304 Not Modified (3ms)


Started GET "/assets/scaffolds.css?body=1" for 127.0.0.1 at 2013-03-10 16:32:05 +0100
Served asset /scaffolds.css - 304 Not Modified (89ms)


Started GET "/assets/products.css?body=1" for 127.0.0.1 at 2013-03-10 16:32:06 +0100
Served asset /products.css - 200 OK (1ms)


Started GET "/assets/jquery.js?body=1" for 127.0.0.1 at 2013-03-10 16:32:06 +0100
Served asset /jquery.js - 304 Not Modified (3ms)


Started GET "/assets/jquery_ujs.js?body=1" for 127.0.0.1 at 2013-03-10 16:32:06 +0100
Served asset /jquery_ujs.js - 304 Not Modified (2ms)


Started GET "/assets/products.js?body=1" for 127.0.0.1 at 2013-03-10 16:32:06 +0100
Served asset /products.js - 304 Not Modified (1ms)


Started GET "/assets/application.js?body=1" for 127.0.0.1 at 2013-03-10 16:32:06 +0100
Served asset /application.js - 304 Not Modified (16ms)


Started GET "/assets/cs.jpg" for 127.0.0.1 at 2013-03-10 16:32:06 +0100
Served asset /cs.jpg - 200 OK (14ms)


Started GET "/assets/ruby.jpg" for 127.0.0.1 at 2013-03-10 16:32:06 +0100
Served asset /ruby.jpg - 200 OK (14ms)


Started GET "/assets/rtp.jpg" for 127.0.0.1 at 2013-03-10 16:32:06 +0100
Served asset /rtp.jpg - 200 OK (9ms)


Started GET "/products" for 127.0.0.1 at 2013-03-10 16:55:35 +0100
Connecting to database specified by database.yml
Processing by ProductsController#index as HTML
  [1m[36mProduct Load (0.1ms)[0m  [1mSELECT "products".* FROM "products" [0m
  Rendered products/index.html.erb within layouts/application (132.5ms)
Completed 200 OK in 450ms (Views: 317.9ms | ActiveRecord: 11.1ms)


Started GET "/assets/application.css?body=1" for 127.0.0.1 at 2013-03-10 16:55:37 +0100
Served asset /application.css - 304 Not Modified (7ms)


Started GET "/assets/jquery_ujs.js?body=1" for 127.0.0.1 at 2013-03-10 16:55:37 +0100
Served asset /jquery_ujs.js - 304 Not Modified (29ms)


Started GET "/assets/jquery.js?body=1" for 127.0.0.1 at 2013-03-10 16:55:37 +0100
Served asset /jquery.js - 304 Not Modified (3ms)


Started GET "/assets/scaffolds.css?body=1" for 127.0.0.1 at 2013-03-10 16:55:37 +0100
Served asset /scaffolds.css - 304 Not Modified (4ms)


Started GET "/assets/products.css?body=1" for 127.0.0.1 at 2013-03-10 16:55:37 +0100
Served asset /products.css - 304 Not Modified (7ms)


Started GET "/assets/application.js?body=1" for 127.0.0.1 at 2013-03-10 16:55:37 +0100
Served asset /application.js - 304 Not Modified (11ms)


Started GET "/assets/products.js?body=1" for 127.0.0.1 at 2013-03-10 16:55:37 +0100
Served asset /products.js - 304 Not Modified (7ms)


Started GET "/assets/cs.jpg" for 127.0.0.1 at 2013-03-10 16:55:37 +0100
Served asset /cs.jpg - 304 Not Modified (9ms)


Started GET "/assets/ruby.jpg" for 127.0.0.1 at 2013-03-10 16:55:37 +0100
Served asset /ruby.jpg - 304 Not Modified (12ms)


Started GET "/assets/rtp.jpg" for 127.0.0.1 at 2013-03-10 16:55:37 +0100
Served asset /rtp.jpg - 304 Not Modified (4ms)


Started GET "/products/new" for 127.0.0.1 at 2013-03-10 16:55:40 +0100
Processing by ProductsController#new as HTML
  Rendered products/_form.html.erb (16.6ms)
  Rendered products/new.html.erb within layouts/application (75.6ms)
Completed 200 OK in 97ms (Views: 96.1ms | ActiveRecord: 0.0ms)


Started GET "/assets/application.css?body=1" for 127.0.0.1 at 2013-03-10 16:55:41 +0100
Served asset /application.css - 304 Not Modified (0ms)


Started GET "/assets/jquery.js?body=1" for 127.0.0.1 at 2013-03-10 16:55:41 +0100
Served asset /jquery.js - 304 Not Modified (18ms)


Started GET "/assets/scaffolds.css?body=1" for 127.0.0.1 at 2013-03-10 16:55:41 +0100
Served asset /scaffolds.css - 304 Not Modified (0ms)


Started GET "/assets/products.css?body=1" for 127.0.0.1 at 2013-03-10 16:55:41 +0100
Served asset /products.css - 304 Not Modified (0ms)


Started GET "/assets/application.js?body=1" for 127.0.0.1 at 2013-03-10 16:55:41 +0100
Served asset /application.js - 304 Not Modified (1ms)


Started GET "/assets/products.js?body=1" for 127.0.0.1 at 2013-03-10 16:55:41 +0100
Served asset /products.js - 304 Not Modified (0ms)


Started GET "/assets/jquery_ujs.js?body=1" for 127.0.0.1 at 2013-03-10 16:55:41 +0100
Served asset /jquery_ujs.js - 304 Not Modified (0ms)


Started GET "/products" for 127.0.0.1 at 2013-03-10 16:55:44 +0100
Processing by ProductsController#index as HTML
  [1m[35mProduct Load (0.3ms)[0m  SELECT "products".* FROM "products" 
  Rendered products/index.html.erb within layouts/application (3.3ms)
Completed 200 OK in 16ms (Views: 14.2ms | ActiveRecord: 0.3ms)


Started GET "/assets/application.css?body=1" for 127.0.0.1 at 2013-03-10 16:55:44 +0100
Served asset /application.css - 304 Not Modified (0ms)


Started GET "/assets/scaffolds.css?body=1" for 127.0.0.1 at 2013-03-10 16:55:44 +0100
Served asset /scaffolds.css - 304 Not Modified (1ms)


Started GET "/assets/jquery_ujs.js?body=1" for 127.0.0.1 at 2013-03-10 16:55:44 +0100
Served asset /jquery_ujs.js - 304 Not Modified (1ms)


Started GET "/assets/products.css?body=1" for 127.0.0.1 at 2013-03-10 16:55:44 +0100
Served asset /products.css - 304 Not Modified (0ms)


Started GET "/assets/jquery.js?body=1" for 127.0.0.1 at 2013-03-10 16:55:44 +0100
Served asset /jquery.js - 304 Not Modified (2ms)


Started GET "/assets/application.js?body=1" for 127.0.0.1 at 2013-03-10 16:55:44 +0100
Served asset /application.js - 304 Not Modified (3ms)


Started GET "/assets/products.js?body=1" for 127.0.0.1 at 2013-03-10 16:55:44 +0100
Served asset /products.js - 304 Not Modified (0ms)


Started GET "/assets/cs.jpg" for 127.0.0.1 at 2013-03-10 16:55:45 +0100
Served asset /cs.jpg - 304 Not Modified (0ms)


Started GET "/assets/rtp.jpg" for 127.0.0.1 at 2013-03-10 16:55:45 +0100
Served asset /rtp.jpg - 304 Not Modified (10ms)


Started GET "/assets/ruby.jpg" for 127.0.0.1 at 2013-03-10 16:55:45 +0100
Served asset /ruby.jpg - 304 Not Modified (0ms)
