Compiled jquery.js  (2ms)  (pid 6812)
Compiled jquery_ujs.js  (0ms)  (pid 6812)
Compiled products.js  (293ms)  (pid 6812)
Compiled application.js  (330ms)  (pid 6812)
Compiled products.css  (25ms)  (pid 6812)
Compiled scaffolds.css  (10ms)  (pid 6812)
Compiled application.css  (43ms)  (pid 6812)
Compiled jquery.js  (13ms)  (pid 6812)
Compiled jquery_ujs.js  (0ms)  (pid 6812)
Compiled products.js  (303ms)  (pid 6812)
Compiled application.js  (372ms)  (pid 6812)
Compiled products.css  (13ms)  (pid 6812)
Compiled scaffolds.css  (9ms)  (pid 6812)
Compiled application.css  (30ms)  (pid 6812)
Compiled jquery.js  (2ms)  (pid 6860)
Compiled jquery_ujs.js  (0ms)  (pid 6860)
Compiled products.js  (202ms)  (pid 6860)
Compiled application.js  (235ms)  (pid 6860)
Compiled products.css  (19ms)  (pid 6860)
Compiled scaffolds.css  (9ms)  (pid 6860)
Compiled application.css  (38ms)  (pid 6860)
Compiled jquery.js  (1ms)  (pid 6860)
Compiled jquery_ujs.js  (0ms)  (pid 6860)
Compiled products.js  (153ms)  (pid 6860)
Compiled application.js  (185ms)  (pid 6860)
Compiled products.css  (13ms)  (pid 6860)
Compiled scaffolds.css  (9ms)  (pid 6860)
Compiled application.css  (30ms)  (pid 6860)
Compiled jquery.js  (3ms)  (pid 85833)
Compiled jquery_ujs.js  (0ms)  (pid 85833)
Compiled products.js  (240ms)  (pid 85833)
Compiled store.js  (153ms)  (pid 85833)
Compiled application.js  (435ms)  (pid 85833)
Compiled products.css  (5ms)  (pid 85833)
Compiled scaffolds.css  (14ms)  (pid 85833)
Compiled store.css  (7ms)  (pid 85833)
Compiled application.css  (60ms)  (pid 85833)
Compiled jquery.js  (3ms)  (pid 85833)
Compiled jquery_ujs.js  (0ms)  (pid 85833)
Compiled products.js  (192ms)  (pid 85833)
Compiled store.js  (146ms)  (pid 85833)
Compiled application.js  (379ms)  (pid 85833)
Compiled products.css  (5ms)  (pid 85833)
Compiled scaffolds.css  (10ms)  (pid 85833)
Compiled store.css  (5ms)  (pid 85833)
Compiled application.css  (51ms)  (pid 85833)
